Removed Pin From Net: NetName=GND Pin=DD3-0
Removed Pin From Net: NetName=GND Pin=WA1-2
Change Component Designator: OldDesignator=C7 NewDesignator=C10
Change Component Designator: OldDesignator=C8 NewDesignator=C11
Change Component Designator: OldDesignator=C9 NewDesignator=C13
Change Component Designator: OldDesignator=C10 NewDesignator=C14
Change Component Designator: OldDesignator=C11 NewDesignator=C15
Change Component Designator: OldDesignator=C12 NewDesignator=C20
Change Component Designator: OldDesignator=C13 NewDesignator=C16
Change Component Designator: OldDesignator=C14 NewDesignator=C17
Change Component Designator: OldDesignator=C15 NewDesignator=C22
Change Component Designator: OldDesignator=C16 NewDesignator=C18
Change Component Designator: OldDesignator=C17 NewDesignator=C19
Change Component Designator: OldDesignator=C18 NewDesignator=C21
Change Component Designator: OldDesignator=DD3 NewDesignator=DD4
Change Component Designator: OldDesignator=L1 NewDesignator=L3
Change Component Designator: OldDesignator=L2 NewDesignator=L1
Change Component Designator: OldDesignator=L3 NewDesignator=L2
Change Component Designator: OldDesignator=X5 NewDesignator=X6
Change Component Designator: OldDesignator=X6 NewDesignator=X7
Added Component: Designator=C5(CAP_0805)
Add component (AddParameter): Name = "Value"; Value = "1 ÏÍ‘"; VariantName = "[No Variations]"
Added Component: Designator=C6(CAP_0805)
Add component (AddParameter): Name = "Value"; Value = "1 ÏÍ‘"; VariantName = "[No Variations]"
Added Component: Designator=C7(CAP_0805)
Add component (AddParameter): Name = "Value"; Value = "100 Ì‘"; VariantName = "[No Variations]"
Added Component: Designator=C8(CAP_0805)
Add component (AddParameter): Name = "Value"; Value = "4.7 ÏÍ‘"; VariantName = "[No Variations]"
Added Component: Designator=C9(CAP_0805)
Add component (AddParameter): Name = "Value"; Value = "100 Ì‘"; VariantName = "[No Variations]"
Added Component: Designator=C12(CAP_0805)
Add component (AddParameter): Name = "Value"; Value = "100 Ì‘"; VariantName = "[No Variations]"
Added Component: Designator=DD3(SOT-23-3_STAB_POWER)
Add component (AddParameter): Name = "Name"; Value = "XC6206P282MR"; VariantName = "[No Variations]"
Added Component: Designator=R6(RES_0603)
Add component (AddParameter): Name = "Value"; Value = "47 ÍŒÏ"; VariantName = "[No Variations]"
Added Component: Designator=R7(RES_0603)
Add component (AddParameter): Name = "Value"; Value = "47 ÍŒÏ"; VariantName = "[No Variations]"
Added Component: Designator=R8(RES_0603)
Add component (AddParameter): Name = "Value"; Value = "47 ÍŒÏ"; VariantName = "[No Variations]"
Added Component: Designator=R9(RES_0603)
Add component (AddParameter): Name = "Value"; Value = "47 ÍŒÏ"; VariantName = "[No Variations]"
Added Component: Designator=R10(RES_0603)
Add component (AddParameter): Name = "Value"; Value = "10 ÍŒÏ"; VariantName = "[No Variations]"
Added Component: Designator=R11(RES_0603)
Add component (AddParameter): Name = "Value"; Value = "10 ÍŒÏ"; VariantName = "[No Variations]"
Added Component: Designator=U1(HTU20D(F))
Add component (AddParameter): Name = "Name"; Value = "HPP845E034R5"; VariantName = "[No Variations]"
Added Component: Designator=U2(SOP12)
Add component (AddParameter): Name = "Name"; Value = "VL6180XV0NR/1"; VariantName = "[No Variations]"
Added Component: Designator=X3(Raziem3(1))
Add component (AddParameter): Name = "Name"; Value = "SCT1251WV-3P"; VariantName = "[No Variations]"
Added Component: Designator=X4(Raziem4(1))
Add component (AddParameter): Name = "Name"; Value = "SCT1251WV-4P"; VariantName = "[No Variations]"
Added Component: Designator=X5(RAZIEM_6)
Add component (AddParameter): Name = "Name"; Value = "JTAG"; VariantName = "[No Variations]"
Added Pin To Net: NetName=NetC4_1 Pin=C5-1
Added Pin To Net: NetName=GND Pin=C5-2
Added Pin To Net: NetName=GND Pin=C6-2
Added Pin To Net: NetName=GND Pin=C7-1
Added Pin To Net: NetName=NetC4_1 Pin=C7-2
Added Pin To Net: NetName=GND Pin=C8-2
Added Pin To Net: NetName=GND Pin=C9-2
Added Pin To Net: NetName=NetC4_1 Pin=C12-1
Added Pin To Net: NetName=GND Pin=C12-2
Added Pin To Net: NetName=GND Pin=DD3-1
Added Pin To Net: NetName=NetC4_1 Pin=DD3-2
Added Pin To Net: NetName=NetC4_1 Pin=R10-2
Added Pin To Net: NetName=NetC4_1 Pin=R11-2
Added Pin To Net: NetName=GND Pin=U1-2
Added Pin To Net: NetName=GND Pin=U1-2
Added Pin To Net: NetName=NetC4_1 Pin=U1-5
Added Pin To Net: NetName=GND Pin=U2-9
Added Pin To Net: NetName=GND Pin=U2-12
Added Pin To Net: NetName=NetC4_1 Pin=X3-3
Added Pin To Net: NetName=NetC4_1 Pin=X5-1
Added Pin To Net: NetName=GND Pin=X5-6
Change Net Name : Old Net Name=NetC7_2 New Net Name=NetC10_2
Change Net Name : Old Net Name=NetC8_2 New Net Name=NetC11_2
Change Net Name : Old Net Name=NetC10_2 New Net Name=NetC14_2
Change Net Name : Old Net Name=NetC12_1 New Net Name=NetC20_1
Change Net Name : Old Net Name=NetC13_1 New Net Name=NetC16_1
Change Net Name : Old Net Name=NetC14_1 New Net Name=NetC17_1
Change Net Name : Old Net Name=NetC16_1 New Net Name=NetC18_1
Change Net Name : Old Net Name=NetC17_1 New Net Name=NetC19_1
Change Net Name : Old Net Name=NetC18_1 New Net Name=NetC21_1
Change Net Name : Old Net Name=NetDD3_10 New Net Name=NetDD4_10
Change Net Name : Old Net Name=NetDD3_47 New Net Name=NetDD4_47
Change Net Name : Old Net Name=NetL1_2 New Net Name=NetL3_2
Change Net Name : Old Net Name=NetL2_2 New Net Name=NetL1_2
Added Pin To Net: NetName=NetC6_1 Pin=C6-1
Added Pin To Net: NetName=NetC6_1 Pin=C8-1
Added Pin To Net: NetName=NetC6_1 Pin=C9-1
Added Pin To Net: NetName=NetC6_1 Pin=DD3-3
Added Pin To Net: NetName=NetC6_1 Pin=R6-2
Added Pin To Net: NetName=NetC6_1 Pin=R7-2
Added Pin To Net: NetName=NetC6_1 Pin=R8-2
Added Pin To Net: NetName=NetC6_1 Pin=R9-2
Added Pin To Net: NetName=NetC6_1 Pin=U2-8
Added Pin To Net: NetName=NetC6_1 Pin=U2-10
Added Net: Name=NetC6_1
Added Pin To Net: NetName=NetDD4_4 Pin=DD4-4
Added Pin To Net: NetName=NetDD4_4 Pin=R11-1
Added Pin To Net: NetName=NetDD4_4 Pin=U1-1
Added Pin To Net: NetName=NetDD4_4 Pin=X3-1
Added Pin To Net: NetName=NetDD4_4 Pin=X6-1
Added Net: Name=NetDD4_4
Added Pin To Net: NetName=NetDD4_5 Pin=DD4-5
Added Pin To Net: NetName=NetDD4_5 Pin=R10-1
Added Pin To Net: NetName=NetDD4_5 Pin=U1-6
Added Pin To Net: NetName=NetDD4_5 Pin=X3-2
Added Pin To Net: NetName=NetDD4_5 Pin=X6-2
Added Net: Name=NetDD4_5
Added Pin To Net: NetName=NetDD4_6 Pin=DD4-6
Added Pin To Net: NetName=NetDD4_6 Pin=R9-1
Added Pin To Net: NetName=NetDD4_6 Pin=U2-1
Added Pin To Net: NetName=NetDD4_6 Pin=X4-1
Added Pin To Net: NetName=NetDD4_6 Pin=X7-1
Added Net: Name=NetDD4_6
Added Pin To Net: NetName=NetDD4_7 Pin=DD4-7
Added Pin To Net: NetName=NetDD4_7 Pin=R8-1
Added Pin To Net: NetName=NetDD4_7 Pin=U2-4
Added Pin To Net: NetName=NetDD4_7 Pin=X4-2
Added Pin To Net: NetName=NetDD4_7 Pin=X7-2
Added Net: Name=NetDD4_7
Added Pin To Net: NetName=NetDD4_8 Pin=DD4-8
Added Pin To Net: NetName=NetDD4_8 Pin=R6-1
Added Pin To Net: NetName=NetDD4_8 Pin=U2-5
Added Pin To Net: NetName=NetDD4_8 Pin=X4-3
Added Pin To Net: NetName=NetDD4_8 Pin=X7-3
Added Net: Name=NetDD4_8
Added Pin To Net: NetName=NetDD4_9 Pin=DD4-9
Added Pin To Net: NetName=NetDD4_9 Pin=R7-1
Added Pin To Net: NetName=NetDD4_9 Pin=U2-6
Added Pin To Net: NetName=NetDD4_9 Pin=X4-4
Added Pin To Net: NetName=NetDD4_9 Pin=X7-4
Added Net: Name=NetDD4_9
Added Pin To Net: NetName=NetDD4_21 Pin=DD4-21
Added Pin To Net: NetName=NetDD4_21 Pin=X5-5
Added Net: Name=NetDD4_21
Added Pin To Net: NetName=NetDD4_24 Pin=DD4-24
Added Pin To Net: NetName=NetDD4_24 Pin=X5-2
Added Net: Name=NetDD4_24
Added Pin To Net: NetName=NetDD4_25 Pin=DD4-25
Added Pin To Net: NetName=NetDD4_25 Pin=X5-3
Added Net: Name=NetDD4_25
Added Pin To Net: NetName=NetDD4_26 Pin=DD4-26
Added Pin To Net: NetName=NetDD4_26 Pin=X5-4
Added Net: Name=NetDD4_26
Added Member To Class: ClassName=Sheet2_datciki Member=Component C5 1 ÏÍ‘
Added Member To Class: ClassName=Sheet2_datciki Member=Component C6 1 ÏÍ‘
Added Member To Class: ClassName=Sheet2_datciki Member=Component C7 100 Ì‘
Added Member To Class: ClassName=Sheet2_datciki Member=Component C8 4.7 ÏÍ‘
Added Member To Class: ClassName=Sheet2_datciki Member=Component C9 100 Ì‘
Added Member To Class: ClassName=Sheet3_mk Member=Component C20 1 ÏÍ‘
Added Member To Class: ClassName=Sheet2_datciki Member=Component DD3 XC6206P282MR
Added Member To Class: ClassName=Sheet2_datciki Member=Component R6 47 ÍŒÏ
Added Member To Class: ClassName=Sheet2_datciki Member=Component R7 47 ÍŒÏ
Added Member To Class: ClassName=Sheet2_datciki Member=Component R8 47 ÍŒÏ
Added Member To Class: ClassName=Sheet2_datciki Member=Component R9 47 ÍŒÏ
Added Member To Class: ClassName=Sheet2_datciki Member=Component R10 10 ÍŒÏ
Added Member To Class: ClassName=Sheet2_datciki Member=Component R11 10 ÍŒÏ
Added Member To Class: ClassName=Sheet2_datciki Member=Component U1 HPP845E034R5
Added Member To Class: ClassName=Sheet2_datciki Member=Component U2 VL6180XV0NR/1
Added Member To Class: ClassName=Sheet2_datciki Member=Component X3 SCT1251WV-3P
Added Member To Class: ClassName=Sheet2_datciki Member=Component X4 SCT1251WV-4P
Added Member To Class: ClassName=Sheet3_mk Member=Component X7 SCT1251WV-4P
Added Room: Name=Sheet1
Added Room: Name=Sheet2_datciki
Added Room: Name=Sheet3_mk
