Change Physical Footprint: Designator=C1 Old Footprint=CAP_0805 New Footprint=CAP_0805
Change Physical Footprint: Designator=C2 Old Footprint=CAP_0805 New Footprint=CAP_0805
Change Physical Footprint: Designator=C3 Old Footprint=CAP_0805 New Footprint=CAP_0805
Change Physical Footprint: Designator=C4 Old Footprint=CAP_0805 New Footprint=CAP_0805
Change Physical Footprint: Designator=C7 Old Footprint=CAP_0805 New Footprint=CAP_0805
Change Physical Footprint: Designator=C8 Old Footprint=CAP_0805 New Footprint=CAP_0805
Change Physical Footprint: Designator=C9 Old Footprint=CAP_0805 New Footprint=CAP_0805
Change Physical Footprint: Designator=C10 Old Footprint=CAP_0805 New Footprint=CAP_0805
Change Physical Footprint: Designator=C11 Old Footprint=CAP_0805 New Footprint=CAP_0805
Change Physical Footprint: Designator=C12 Old Footprint=CAP_0805 New Footprint=CAP_0805
Change Physical Footprint: Designator=C13 Old Footprint=CAP_0805 New Footprint=CAP_0805
Change Physical Footprint: Designator=C14 Old Footprint=CAP_0805 New Footprint=CAP_0805
Change Physical Footprint: Designator=C15 Old Footprint=CAP_0805 New Footprint=CAP_0805
Change Physical Footprint: Designator=C16 Old Footprint=CAP_0805 New Footprint=CAP_0805
Change Physical Footprint: Designator=C17 Old Footprint=CAP_0805 New Footprint=CAP_0805
Change Physical Footprint: Designator=C18 Old Footprint=CAP_0805 New Footprint=CAP_0805
Change Physical Footprint: Designator=DD1 Old Footprint=SOT-89 New Footprint=SOT-89
Change Physical Footprint: Designator=DD2 Old Footprint=SOT-23-5 New Footprint=SOT-23-5
Change Physical Footprint: Designator=DD3 Old Footprint=QFN48_6X6 New Footprint=QFN48_6X6
Change Physical Footprint: Designator=HL1 Old Footprint=LED New Footprint=LED
Change Physical Footprint: Designator=L1 Old Footprint=INDICT_0603 New Footprint=INDICT_0603
Change Physical Footprint: Designator=L2 Old Footprint=INDICT_0603 New Footprint=INDICT_0603
Change Physical Footprint: Designator=L3 Old Footprint=INDICT_0402 New Footprint=INDICT_0402
Change Physical Footprint: Designator=R1 Old Footprint=RES_0603 New Footprint=RES_0603
Change Physical Footprint: Designator=R2 Old Footprint=RES_0603 New Footprint=RES_0603
Change Physical Footprint: Designator=R3 Old Footprint=RES_0603 New Footprint=RES_0603
Change Physical Footprint: Designator=R4 Old Footprint=RES_0603 New Footprint=RES_0603
Change Physical Footprint: Designator=R5 Old Footprint=RES_0603 New Footprint=RES_0603
Change Physical Footprint: Designator=SB1 Old Footprint=Button New Footprint=Button
Change Physical Footprint: Designator=VD1 Old Footprint=SMB(DIODE) New Footprint=SMB(DIODE)
Change Physical Footprint: Designator=VD2 Old Footprint=SMB(DIODE) New Footprint=SMB(DIODE)
Change Physical Footprint: Designator=VD3 Old Footprint=SMB(DIODE) New Footprint=SMB(DIODE)
Change Physical Footprint: Designator=VD4 Old Footprint=SOD-323F New Footprint=SOD-323F
Change Physical Footprint: Designator=VT1 Old Footprint=SOT-23-3 New Footprint=SOT-23-3
Change Physical Footprint: Designator=VT2 Old Footprint=SOT-23-3 New Footprint=SOT-23-3
Change Physical Footprint: Designator=WA1 Old Footprint=BLE_50_Ohm_2400 MHz New Footprint=BLE_50_Ohm_2400 MHz
Change Physical Footprint: Designator=X1 Old Footprint=Raziem2 New Footprint=Raziem2
Change Physical Footprint: Designator=X2 Old Footprint=USB-C New Footprint=USB-C
Change Physical Footprint: Designator=X5 Old Footprint=Raziem2(1) New Footprint=Raziem2(1)
Change Physical Footprint: Designator=X6 Old Footprint=Raziem3(1) New Footprint=Raziem3(1)
Change Physical Footprint: Designator=ZQ1 Old Footprint=QUARTZ(32.768) New Footprint=QUARTZ(32.768)
Change Physical Footprint: Designator=ZQ2 Old Footprint=QUARTZ(32.768) New Footprint=QUARTZ(32.768)
