Added Net: Name=GND
Added Net: Name=NetC1_1
Added Net: Name=NetC2_1
Added Net: Name=NetC3_0
Added Net: Name=NetC4_1
Added Net: Name=NetC6_1
Added Net: Name=NetC7_0
Added Net: Name=NetC8_0
Added Net: Name=NetC10_0
Added Net: Name=NetC12_1
Added Net: Name=NetC13_1
Added Net: Name=NetC14_1
Added Net: Name=NetC16_1
Added Net: Name=NetC17_1
Added Net: Name=NetC18_1
Added Net: Name=NetDD2_1
Added Net: Name=NetDD2_2
Added Net: Name=NetDD2_5
Added Net: Name=NetHL1_KATOD
Added Net: Name=NetR2_0
Added Net: Name=NetR2_1
Added Net: Name=NetR3_1
Added Net: Name=NetR6_0
Added Net: Name=NetSB1_0
Added Class: Name=Sheet1
Added Class: Name=Sheet2_datciki
Added Class: Name=Sheet3_mk
Added Room: Name=Sheet1
Added Room: Name=Sheet2_datciki
Added Room: Name=Sheet3_mk
