Removed Pin From Net: NetName=NetDD3_6 Pin=R6-1
Removed Pin From Net: NetName=NetC4_1 Pin=R6-2
Removed Pin From Net: NetName=NetC4_1 Pin=R8-2
Removed Pin From Net: NetName=NetC4_1 Pin=R10-2
Removed Pin From Net: NetName=NetC4_1 Pin=U1-1
Removed Pin From Net: NetName=GND Pin=U1-2
Removed Pin From Net: NetName=GND Pin=U1-3
Removed Pin From Net: NetName=NetDD3_6 Pin=U1-6
Removed Pin From Net: NetName=GND Pin=U2-3
Removed Pin From Net: NetName=GND Pin=U2-4
Change Component Footprint: Designator=U1 Old Footprint=LTR-303ALS-01 New Footprint=SOP12
Change Component Footprint: Designator=X3 Old Footprint=Raziem2(1) New Footprint=Raziem3(1)
Change Component Footprint: Designator=X4 Old Footprint=Raziem3(1) New Footprint=Raziem4(1)
Change Component Comment : Designator=R6 Old Comment=2 ÍŒÏ New Comment=47 ÍŒÏ
Change Component Comment : Designator=R8 Old Comment=2 ÍŒÏ New Comment=47 ÍŒÏ
Change Component Comment : Designator=R10 Old Comment=2 ÍŒÏ New Comment=47 ÍŒÏ
Change Component Comment : Designator=U1 Old Comment=LTR-303ALS New Comment=VL6180XV0NR/1
Change Component Comment : Designator=X3 Old Comment=SCT1251WV-2P New Comment=SCT1251WV-3P
Change Component Comment : Designator=X4 Old Comment=SCT1251WV-3P New Comment=SCT1251WV-4P
Change component parameters: Designator = "R6" ("R6"); Footprint = "RES_0603"; UniqueID = "\EBOWVLJT" ("\EBOWVLJT")
Change component parameters (AddParameter): Name = "Value"; Value = "47 ÍŒÏ"; VariantName = "[No Variations]"
Change component parameters: Designator = "R8" ("R8"); Footprint = "RES_0603"; UniqueID = "\DPVOUNSP" ("\DPVOUNSP")
Change component parameters (AddParameter): Name = "Value"; Value = "47 ÍŒÏ"; VariantName = "[No Variations]"
Change component parameters: Designator = "R10" ("R10"); Footprint = "RES_0603"; UniqueID = "\EMNBBBVC" ("\EMNBBBVC")
Change component parameters (AddParameter): Name = "Value"; Value = "47 ÍŒÏ"; VariantName = "[No Variations]"
Change component parameters: Designator = "U1" ("U1"); Footprint = "LTR-303ALS-01"; UniqueID = "\EEBOHENB" ("\EEBOHENB")
Change component parameters (AddParameter): Name = "Name"; Value = "VL6180XV0NR/1"; VariantName = "[No Variations]"
Change component parameters: Designator = "X3" ("X3"); Footprint = "Raziem2(1)"; UniqueID = "\PTQWGVEM" ("\PTQWGVEM")
Change component parameters (AddParameter): Name = "Name"; Value = "SCT1251WV-3P"; VariantName = "[No Variations]"
Change component parameters: Designator = "X4" ("X4"); Footprint = "Raziem3(1)"; UniqueID = "\TZLMDSCB" ("\TZLMDSCB")
Change component parameters (AddParameter): Name = "Name"; Value = "SCT1251WV-4P"; VariantName = "[No Variations]"
Added Component: Designator=C1(CAP_0805)
Add component (AddParameter): Name = "Value"; Value = "4.7 ÏÍ‘"; VariantName = "[No Variations]"
Added Component: Designator=C2(CAP_0805)
Add component (AddParameter): Name = "Value"; Value = "1 ÏÍ‘"; VariantName = "[No Variations]"
Added Component: Designator=C3(CAP_0805)
Add component (AddParameter): Name = "Value"; Value = "4.7 ÏÍ‘"; VariantName = "[No Variations]"
Added Component: Designator=C4(CAP_0805)
Add component (AddParameter): Name = "Value"; Value = "1 ÏÍ‘"; VariantName = "[No Variations]"
Added Component: Designator=C7(CAP_0805)
Add component (AddParameter): Name = "Value"; Value = "12 Ô‘"; VariantName = "[No Variations]"
Added Component: Designator=C8(CAP_0805)
Add component (AddParameter): Name = "Value"; Value = "12 Ô‘"; VariantName = "[No Variations]"
Added Component: Designator=C9(CAP_0805)
Add component (AddParameter): Name = "Value"; Value = "100 Ì‘"; VariantName = "[No Variations]"
Added Component: Designator=C10(CAP_0805)
Add component (AddParameter): Name = "Value"; Value = "100 Ì‘"; VariantName = "[No Variations]"
Added Component: Designator=C11(CAP_0805)
Add component (AddParameter): Name = "Value"; Value = "4.7 ÏÍ‘"; VariantName = "[No Variations]"
Added Component: Designator=C12(CAP_0805)
Add component (AddParameter): Name = "Value"; Value = "1 ÏÍ‘"; VariantName = "[No Variations]"
Added Component: Designator=C13(CAP_0805)
Add component (AddParameter): Name = "Value"; Value = "12 Ô‘"; VariantName = "[No Variations]"
Added Component: Designator=C14(CAP_0805)
Add component (AddParameter): Name = "Value"; Value = "12 Ô‘"; VariantName = "[No Variations]"
Added Component: Designator=C15(CAP_0805)
Add component (AddParameter): Name = "Value"; Value = "100 Ì‘"; VariantName = "[No Variations]"
Added Component: Designator=C16(CAP_0805)
Add component (AddParameter): Name = "Value"; Value = "100 Ô‘"; VariantName = "[No Variations]"
Added Component: Designator=C17(CAP_0805)
Add component (AddParameter): Name = "Value"; Value = "100 Ô‘"; VariantName = "[No Variations]"
Added Component: Designator=C18(CAP_0805)
Add component (AddParameter): Name = "Value"; Value = "0.8 Ô‘"; VariantName = "[No Variations]"
Added Component: Designator=C19(CAP_0805)
Add component (AddParameter): Name = "Value"; Value = "1 ÏÍ‘"; VariantName = "[No Variations]"
Added Component: Designator=C20(CAP_0805)
Add component (AddParameter): Name = "Value"; Value = "4.7 ÏÍ‘"; VariantName = "[No Variations]"
Added Component: Designator=C21(CAP_0805)
Add component (AddParameter): Name = "Value"; Value = "100 Ì‘"; VariantName = "[No Variations]"
Added Component: Designator=DD1(SOT-89)
Add component (AddParameter): Name = "Name"; Value = "XC6206P332RP"; VariantName = "[No Variations]"
Added Component: Designator=DD2(SOT-23-5)
Add component (AddParameter): Name = "Name"; Value = "MCP73831T-2ATI/OT"; VariantName = "[No Variations]"
Added Component: Designator=DD3(QFN48_6X6)
Add component (AddParameter): Name = "Name"; Value = "nRF52832-QFAA"; VariantName = "[No Variations]"
Added Component: Designator=DD4(SOT-23-3_STAB_POWER)
Add component (AddParameter): Name = "Name"; Value = "XC6206P282MR"; VariantName = "[No Variations]"
Added Component: Designator=HL1(LED)
Add component (AddParameter): Name = "Color"; Value = "L-57EGW"; VariantName = "[No Variations]"
Add component (AddParameter): Name = "Name"; Value = "L-57EGW"; VariantName = "[No Variations]"
Added Component: Designator=L1(INDICT_0603)
Add component (AddParameter): Name = "Value"; Value = "3.9 Ì√Ì"; VariantName = "[No Variations]"
Added Component: Designator=L2(INDICT_0603)
Add component (AddParameter): Name = "Value"; Value = "10 ÏÍ√Ì"; VariantName = "[No Variations]"
Added Component: Designator=L3(INDICT_0402)
Add component (AddParameter): Name = "Value"; Value = "15 Ì√Ì"; VariantName = "[No Variations]"
Added Component: Designator=R1(RES_0603)
Add component (AddParameter): Name = "Value"; Value = "470 ŒÏ"; VariantName = "[No Variations]"
Added Component: Designator=R2(RES_0603)
Add component (AddParameter): Name = "Value"; Value = "100 ÍŒÏ"; VariantName = "[No Variations]"
Added Component: Designator=R3(RES_0603)
Add component (AddParameter): Name = "Value"; Value = "100 ÍŒÏ"; VariantName = "[No Variations]"
Added Component: Designator=R4(RES_0603)
Add component (AddParameter): Name = "Value"; Value = "2 ÍŒÏ"; VariantName = "[No Variations]"
Added Component: Designator=R5(RES_0603)
Add component (AddParameter): Name = "Value"; Value = "1 ÃŒÏ"; VariantName = "[No Variations]"
Added Component: Designator=R11(RES_0603)
Add component (AddParameter): Name = "Value"; Value = "47 ÍŒÏ"; VariantName = "[No Variations]"
Added Component: Designator=SB1(Button)
Add component (AddParameter): Name = "Name"; Value = "L-KLS7-TS6606"; VariantName = "[No Variations]"
Added Component: Designator=VD1(SMB(DIODE))
Add component (AddParameter): Name = "Name"; Value = "10BQ100"; VariantName = "[No Variations]"
Added Component: Designator=VD2(SMB(DIODE))
Add component (AddParameter): Name = "Name"; Value = "10BQ100"; VariantName = "[No Variations]"
Added Component: Designator=VD3(SMB(DIODE))
Add component (AddParameter): Name = "Name"; Value = "10BQ100"; VariantName = "[No Variations]"
Added Component: Designator=VD4(SOD-323F)
Add component (AddParameter): Name = "Name"; Value = "MM3Z3V3B"; VariantName = "[No Variations]"
Added Component: Designator=VT1(SOT-23-3)
Add component (AddParameter): Name = "Name"; Value = "AO3401A"; VariantName = "[No Variations]"
Added Component: Designator=VT2(SOT-23-3)
Add component (AddParameter): Name = "Name"; Value = "AO3400A"; VariantName = "[No Variations]"
Added Component: Designator=WA1(BLE_50_Ohm_2400 MHz)
Added Component: Designator=X1(Raziem2)
Add component (AddParameter): Name = "Name"; Value = "LP803048"; VariantName = "[No Variations]"
Added Component: Designator=X2(USB-C)
Add component (AddParameter): Name = "Name"; Value = "105450-0101"; VariantName = "[No Variations]"
Added Component: Designator=X5(Raziem3(1))
Add component (AddParameter): Name = "Name"; Value = "SCT1251WV-3P"; VariantName = "[No Variations]"
Added Component: Designator=X6(Raziem4(1))
Add component (AddParameter): Name = "Name"; Value = "SCT1251WV-4P"; VariantName = "[No Variations]"
Added Component: Designator=ZQ1(QUARTZ(32.768))
Add component (AddParameter): Name = "Name"; Value = "32.768 Í√ˆ"; VariantName = "[No Variations]"
Added Component: Designator=ZQ2(QUARTZ(32))
Add component (AddParameter): Name = "Name"; Value = "32 Ã√ˆ"; VariantName = "[No Variations]"
Added Pin To Net: NetName=NetC1_1 Pin=C1-1
Added Pin To Net: NetName=GND Pin=C1-2
Added Pin To Net: NetName=NetC2_1 Pin=C2-1
Added Pin To Net: NetName=GND Pin=C2-2
Added Pin To Net: NetName=GND Pin=C3-1
Added Pin To Net: NetName=NetC3_2 Pin=C3-2
Added Pin To Net: NetName=NetC4_1 Pin=C4-1
Added Pin To Net: NetName=GND Pin=C4-2
Added Pin To Net: NetName=GND Pin=C6-1
Added Pin To Net: NetName=GND Pin=C7-1
Added Pin To Net: NetName=NetC7_2 Pin=C7-2
Added Pin To Net: NetName=GND Pin=C8-1
Added Pin To Net: NetName=NetC8_2 Pin=C8-2
Added Pin To Net: NetName=GND Pin=C9-1
Added Pin To Net: NetName=NetC4_1 Pin=C9-2
Added Pin To Net: NetName=GND Pin=C10-1
Added Pin To Net: NetName=NetC10_2 Pin=C10-2
Added Pin To Net: NetName=NetC4_1 Pin=C11-1
Added Pin To Net: NetName=GND Pin=C11-2
Added Pin To Net: NetName=NetC12_1 Pin=C12-1
Added Pin To Net: NetName=GND Pin=C12-2
Added Pin To Net: NetName=NetC13_1 Pin=C13-1
Added Pin To Net: NetName=GND Pin=C13-2
Added Pin To Net: NetName=NetC14_1 Pin=C14-1
Added Pin To Net: NetName=GND Pin=C14-2
Added Pin To Net: NetName=GND Pin=C15-1
Added Pin To Net: NetName=NetC4_1 Pin=C15-2
Added Pin To Net: NetName=NetC16_1 Pin=C16-1
Added Pin To Net: NetName=GND Pin=C16-2
Added Pin To Net: NetName=NetC17_1 Pin=C17-1
Added Pin To Net: NetName=GND Pin=C17-2
Added Pin To Net: NetName=NetC18_1 Pin=C18-1
Added Pin To Net: NetName=GND Pin=C18-2
Added Pin To Net: NetName=GND Pin=C19-2
Added Pin To Net: NetName=GND Pin=C20-2
Added Pin To Net: NetName=GND Pin=C21-2
Added Pin To Net: NetName=NetC4_1 Pin=DD1-1
Added Pin To Net: NetName=GND Pin=DD1-2
Added Pin To Net: NetName=GND Pin=DD1-2
Added Pin To Net: NetName=NetC2_1 Pin=DD1-3
Added Pin To Net: NetName=NetDD2_1 Pin=DD2-1
Added Pin To Net: NetName=NetDD2_2 Pin=DD2-2
Added Pin To Net: NetName=NetC3_2 Pin=DD2-3
Added Pin To Net: NetName=NetC1_1 Pin=DD2-4
Added Pin To Net: NetName=NetDD2_5 Pin=DD2-5
Added Pin To Net: NetName=NetC10_2 Pin=DD3-1
Added Pin To Net: NetName=NetC7_2 Pin=DD3-2
Added Pin To Net: NetName=NetC8_2 Pin=DD3-3
Added Pin To Net: NetName=NetDD3_4 Pin=DD3-4
Added Pin To Net: NetName=NetDD3_5 Pin=DD3-5
Added Pin To Net: NetName=NetDD3_6 Pin=DD3-6
Added Pin To Net: NetName=NetDD3_8 Pin=DD3-7
Added Pin To Net: NetName=NetC4_1 Pin=DD3-13
Added Pin To Net: NetName=NetC18_1 Pin=DD3-30
Added Pin To Net: NetName=GND Pin=DD3-31
Added Pin To Net: NetName=NetC16_1 Pin=DD3-32
Added Pin To Net: NetName=NetC17_1 Pin=DD3-33
Added Pin To Net: NetName=NetC13_1 Pin=DD3-34
Added Pin To Net: NetName=NetC14_1 Pin=DD3-35
Added Pin To Net: NetName=NetC4_1 Pin=DD3-36
Added Pin To Net: NetName=GND Pin=DD3-45
Added Pin To Net: NetName=NetC12_1 Pin=DD3-46
Added Pin To Net: NetName=NetC4_1 Pin=DD3-48
Added Pin To Net: NetName=GND Pin=DD4-1
Added Pin To Net: NetName=NetC4_1 Pin=DD4-2
Added Pin To Net: NetName=NetC1_1 Pin=HL1-A
Added Pin To Net: NetName=NetHL1_K Pin=HL1-K
Added Pin To Net: NetName=NetC18_1 Pin=L1-1
Added Pin To Net: NetName=NetC12_1 Pin=L3-2
Added Pin To Net: NetName=NetHL1_K Pin=R1-1
Added Pin To Net: NetName=NetDD2_1 Pin=R1-2
Added Pin To Net: NetName=NetR2_1 Pin=R2-1
Added Pin To Net: NetName=NetC4_1 Pin=R2-2
Added Pin To Net: NetName=GND Pin=R3-1
Added Pin To Net: NetName=NetR3_2 Pin=R3-2
Added Pin To Net: NetName=NetDD2_5 Pin=R4-1
Added Pin To Net: NetName=NetDD2_2 Pin=R4-2
Added Pin To Net: NetName=GND Pin=R5-1
Added Pin To Net: NetName=NetC4_1 Pin=R5-2
Added Pin To Net: NetName=NetDD3_6 Pin=R11-1
Added Pin To Net: NetName=NetSB1_1 Pin=SB1-1
Added Pin To Net: NetName=NetR2_1 Pin=SB1-2
Added Pin To Net: NetName=NetDD3_6 Pin=U1-1
Added Pin To Net: NetName=GND Pin=U1-9
Added Pin To Net: NetName=GND Pin=U1-12
Added Pin To Net: NetName=NetC1_1 Pin=VD1-A
Added Pin To Net: NetName=NetC2_1 Pin=VD1-K
Added Pin To Net: NetName=NetR2_1 Pin=VD2-A
Added Pin To Net: NetName=NetR3_2 Pin=VD2-K
Added Pin To Net: NetName=NetR3_2 Pin=VD3-K
Added Pin To Net: NetName=GND Pin=VD4-A
Added Pin To Net: NetName=NetC4_1 Pin=VD4-K
Added Pin To Net: NetName=NetC3_2 Pin=VT1-DRAIN
Added Pin To Net: NetName=NetC1_1 Pin=VT1-GATE
Added Pin To Net: NetName=NetSB1_1 Pin=VT1-SOURCE
Added Pin To Net: NetName=NetSB1_1 Pin=VT2-DRAIN
Added Pin To Net: NetName=NetR3_2 Pin=VT2-GATE
Added Pin To Net: NetName=NetC2_1 Pin=VT2-SOURCE
Added Pin To Net: NetName=NetC3_2 Pin=X1-1
Added Pin To Net: NetName=GND Pin=X1-2
Added Pin To Net: NetName=GND Pin=X2-A1
Added Pin To Net: NetName=NetC1_1 Pin=X2-A4
Added Pin To Net: NetName=NetC1_1 Pin=X2-A9
Added Pin To Net: NetName=GND Pin=X2-A12
Added Pin To Net: NetName=GND Pin=X2-B1
Added Pin To Net: NetName=NetC1_1 Pin=X2-B4
Added Pin To Net: NetName=NetC1_1 Pin=X2-B9
Added Pin To Net: NetName=GND Pin=X2-B12
Added Pin To Net: NetName=GND Pin=X2-SH
Added Pin To Net: NetName=GND Pin=X2-SH
Added Pin To Net: NetName=GND Pin=X2-SH
Added Pin To Net: NetName=GND Pin=X2-SH
Added Pin To Net: NetName=NetC4_1 Pin=X3-3
Added Pin To Net: NetName=NetDD3_4 Pin=X5-1
Added Pin To Net: NetName=NetDD3_5 Pin=X5-2
Added Pin To Net: NetName=NetC4_1 Pin=X5-3
Added Pin To Net: NetName=NetDD3_6 Pin=X6-1
Added Pin To Net: NetName=NetDD3_8 Pin=X6-2
Added Pin To Net: NetName=NetC8_2 Pin=ZQ1-1
Added Pin To Net: NetName=NetC7_2 Pin=ZQ1-2
Added Pin To Net: NetName=NetC14_1 Pin=ZQ2-1
Added Pin To Net: NetName=NetC13_1 Pin=ZQ2-2
Change Net Name : Old Net Name=NetDD3_8 New Net Name=NetDD3_7
Added Pin To Net: NetName=NetC19_1 Pin=C19-1
Added Pin To Net: NetName=NetC19_1 Pin=C20-1
Added Pin To Net: NetName=NetC19_1 Pin=C21-1
Added Pin To Net: NetName=NetC19_1 Pin=DD4-3
Added Pin To Net: NetName=NetC19_1 Pin=R6-2
Added Pin To Net: NetName=NetC19_1 Pin=R8-2
Added Pin To Net: NetName=NetC19_1 Pin=R10-2
Added Pin To Net: NetName=NetC19_1 Pin=R11-2
Added Pin To Net: NetName=NetC19_1 Pin=U1-8
Added Pin To Net: NetName=NetC19_1 Pin=U1-10
Added Net: Name=NetC19_1
Added Pin To Net: NetName=NetDD3_8 Pin=DD3-8
Added Pin To Net: NetName=NetDD3_8 Pin=R6-1
Added Pin To Net: NetName=NetDD3_8 Pin=U1-5
Added Pin To Net: NetName=NetDD3_8 Pin=X4-3
Added Pin To Net: NetName=NetDD3_8 Pin=X6-3
Added Net: Name=NetDD3_8
Added Pin To Net: NetName=NetDD3_9 Pin=DD3-9
Added Pin To Net: NetName=NetDD3_9 Pin=R8-1
Added Pin To Net: NetName=NetDD3_9 Pin=U1-6
Added Pin To Net: NetName=NetDD3_9 Pin=X4-4
Added Pin To Net: NetName=NetDD3_9 Pin=X6-4
Added Net: Name=NetDD3_9
Added Pin To Net: NetName=NetDD3_10 Pin=DD3-10
Added Pin To Net: NetName=NetDD3_10 Pin=VD3-A
Added Net: Name=NetDD3_10
Added Pin To Net: NetName=NetDD3_47 Pin=DD3-47
Added Pin To Net: NetName=NetDD3_47 Pin=L2-1
Added Net: Name=NetDD3_47
Added Pin To Net: NetName=NetL1_2 Pin=L1-2
Added Pin To Net: NetName=NetL1_2 Pin=WA1-1
Added Net: Name=NetL1_2
Added Pin To Net: NetName=NetL2_2 Pin=L2-2
Added Pin To Net: NetName=NetL2_2 Pin=L3-1
Added Net: Name=NetL2_2
Added Member To Class: ClassName=Sheet1 Member=Component C1 4.7 ÏÍ‘
Added Member To Class: ClassName=Sheet1 Member=Component C2 1 ÏÍ‘
Added Member To Class: ClassName=Sheet1 Member=Component C3 4.7 ÏÍ‘
Added Member To Class: ClassName=Sheet1 Member=Component C4 1 ÏÍ‘
Added Member To Class: ClassName=Sheet3_mk Member=Component C7 12 Ô‘
Added Member To Class: ClassName=Sheet3_mk Member=Component C8 12 Ô‘
Added Member To Class: ClassName=Sheet3_mk Member=Component C9 100 Ì‘
Added Member To Class: ClassName=Sheet3_mk Member=Component C10 100 Ì‘
Added Member To Class: ClassName=Sheet3_mk Member=Component C11 4.7 ÏÍ‘
Added Member To Class: ClassName=Sheet3_mk Member=Component C12 1 ÏÍ‘
Added Member To Class: ClassName=Sheet3_mk Member=Component C13 12 Ô‘
Added Member To Class: ClassName=Sheet3_mk Member=Component C14 12 Ô‘
Added Member To Class: ClassName=Sheet3_mk Member=Component C15 100 Ì‘
Added Member To Class: ClassName=Sheet3_mk Member=Component C16 100 Ô‘
Added Member To Class: ClassName=Sheet3_mk Member=Component C17 100 Ô‘
Added Member To Class: ClassName=Sheet3_mk Member=Component C18 0.8 Ô‘
Added Member To Class: ClassName=Sheet2_datciki Member=Component C19 1 ÏÍ‘
Added Member To Class: ClassName=Sheet2_datciki Member=Component C20 4.7 ÏÍ‘
Added Member To Class: ClassName=Sheet2_datciki Member=Component C21 100 Ì‘
Added Member To Class: ClassName=Sheet1 Member=Component DD1 XC6206P332RP
Added Member To Class: ClassName=Sheet1 Member=Component DD2 MCP73831T-2ATI/OT
Added Member To Class: ClassName=Sheet3_mk Member=Component DD3 nRF52832-QFAA
Added Member To Class: ClassName=Sheet2_datciki Member=Component DD4 XC6206P282MR
Added Member To Class: ClassName=Sheet1 Member=Component HL1 L-57EGW
Added Member To Class: ClassName=Sheet3_mk Member=Component L1 3.9 Ì√Ì
Added Member To Class: ClassName=Sheet3_mk Member=Component L2 10 ÏÍ√Ì
Added Member To Class: ClassName=Sheet3_mk Member=Component L3 15 Ì√Ì
Added Member To Class: ClassName=Sheet1 Member=Component R1 470 ŒÏ
Added Member To Class: ClassName=Sheet1 Member=Component R2 100 ÍŒÏ
Added Member To Class: ClassName=Sheet1 Member=Component R3 100 ÍŒÏ
Added Member To Class: ClassName=Sheet1 Member=Component R4 2 ÍŒÏ
Added Member To Class: ClassName=Sheet1 Member=Component R5 1 ÃŒÏ
Added Member To Class: ClassName=Sheet2_datciki Member=Component R11 47 ÍŒÏ
Added Member To Class: ClassName=Sheet1 Member=Component SB1 L-KLS7-TS6606
Added Member To Class: ClassName=Sheet1 Member=Component VD1 10BQ100
Added Member To Class: ClassName=Sheet1 Member=Component VD2 10BQ100
Added Member To Class: ClassName=Sheet1 Member=Component VD3 10BQ100
Added Member To Class: ClassName=Sheet1 Member=Component VD4 MM3Z3V3B
Added Member To Class: ClassName=Sheet1 Member=Component VT1 AO3401A
Added Member To Class: ClassName=Sheet1 Member=Component VT2 AO3400A
Added Member To Class: ClassName=Sheet3_mk Member=Component WA1 AN043
Added Member To Class: ClassName=Sheet1 Member=Component X1 LP803048
Added Member To Class: ClassName=Sheet1 Member=Component X2 105450-0101
Added Member To Class: ClassName=Sheet3_mk Member=Component X5 SCT1251WV-3P
Added Member To Class: ClassName=Sheet3_mk Member=Component X6 SCT1251WV-4P
Added Member To Class: ClassName=Sheet3_mk Member=Component ZQ1 32.768 Í√ˆ
Added Member To Class: ClassName=Sheet3_mk Member=Component ZQ2 32 Ã√ˆ
Added Room: Name=Sheet1
Added Room: Name=Sheet2_datciki
Added Room: Name=Sheet3_mk
