Change Value of Parameter Value in Part C5 Old=1 לך New=
Change Value of Parameter Value in Part C6 Old=1 לך New=
Change Value of Parameter Value in Part C7 Old=100 ם New=
Change Value of Parameter Value in Part C8 Old=4.7 לך New=
Change Value of Parameter Value in Part C9 Old=100 ם New=
Change Value of Parameter Value in Part R6 Old=47 ךל New=
Change Value of Parameter Value in Part R7 Old=47 ךל New=
Change Value of Parameter Value in Part R8 Old=47 ךל New=
Change Value of Parameter Value in Part R9 Old=47 ךל New=
Change Value of Parameter Value in Part R10 Old=10 ךל New=
Change Value of Parameter Value in Part R11 Old=10 ךל New=
Replace Symbol from C5 Condensator in C:\Users\MusatovDA\plataMedcontrol\plataMedcontrol\Sheet2_datciki.SchDoc with Condensator from Schlib1.SchLib
Replace Symbol from C6 Condensator in C:\Users\MusatovDA\plataMedcontrol\plataMedcontrol\Sheet2_datciki.SchDoc with Condensator from Schlib1.SchLib
Replace Symbol from C7 Condensator in C:\Users\MusatovDA\plataMedcontrol\plataMedcontrol\Sheet2_datciki.SchDoc with Condensator from Schlib1.SchLib
Replace Symbol from C8 Condensator in C:\Users\MusatovDA\plataMedcontrol\plataMedcontrol\Sheet2_datciki.SchDoc with Condensator from Schlib1.SchLib
Replace Symbol from C9 Condensator in C:\Users\MusatovDA\plataMedcontrol\plataMedcontrol\Sheet2_datciki.SchDoc with Condensator from Schlib1.SchLib
Replace Symbol from DD3 Stability_power in C:\Users\MusatovDA\plataMedcontrol\plataMedcontrol\Sheet2_datciki.SchDoc with Stability_power from Schlib1.SchLib
Replace Symbol from R6 Rezistor in C:\Users\MusatovDA\plataMedcontrol\plataMedcontrol\Sheet2_datciki.SchDoc with Rezistor from Schlib1.SchLib
Replace Symbol from R7 Rezistor in C:\Users\MusatovDA\plataMedcontrol\plataMedcontrol\Sheet2_datciki.SchDoc with Rezistor from Schlib1.SchLib
Replace Symbol from R8 Rezistor in C:\Users\MusatovDA\plataMedcontrol\plataMedcontrol\Sheet2_datciki.SchDoc with Rezistor from Schlib1.SchLib
Replace Symbol from R9 Rezistor in C:\Users\MusatovDA\plataMedcontrol\plataMedcontrol\Sheet2_datciki.SchDoc with Rezistor from Schlib1.SchLib
Replace Symbol from R10 Rezistor in C:\Users\MusatovDA\plataMedcontrol\plataMedcontrol\Sheet2_datciki.SchDoc with Rezistor from Schlib1.SchLib
Replace Symbol from R11 Rezistor in C:\Users\MusatovDA\plataMedcontrol\plataMedcontrol\Sheet2_datciki.SchDoc with Rezistor from Schlib1.SchLib
Replace Symbol from U1 Datchik_vlaj_temp in C:\Users\MusatovDA\plataMedcontrol\plataMedcontrol\Sheet2_datciki.SchDoc with Datchik_vlaj_temp from Schlib1.SchLib
Replace Symbol from U2 Datchik_osvet in C:\Users\MusatovDA\plataMedcontrol\plataMedcontrol\Sheet2_datciki.SchDoc with Datchik_osvet from Schlib1.SchLib
Replace Symbol from X3 Raziem_4KONTKTA_1 in C:\Users\MusatovDA\plataMedcontrol\plataMedcontrol\Sheet2_datciki.SchDoc with Raziem_4KONTKTA_1 from Schlib1.SchLib
Replace Symbol from X4 Raziem_4KONTKTA in C:\Users\MusatovDA\plataMedcontrol\plataMedcontrol\Sheet2_datciki.SchDoc with Raziem_4KONTKTA from Schlib1.SchLib
