Replace Part C? Condensator in C:\Users\MusatovDA\plataMedcontrol\plataMedcontrol\Sheet1.SchDoc with Condensator from Schlib1.SchLib
Replace Part C? Condensator in C:\Users\MusatovDA\plataMedcontrol\plataMedcontrol\Sheet1.SchDoc with Condensator from Schlib1.SchLib
Replace Part C? Condensator in C:\Users\MusatovDA\plataMedcontrol\plataMedcontrol\Sheet1.SchDoc with Condensator from Schlib1.SchLib
Replace Part C? Condensator in C:\Users\MusatovDA\plataMedcontrol\plataMedcontrol\Sheet1.SchDoc with Condensator from Schlib1.SchLib
Replace Part C? Condensator in C:\Users\MusatovDA\plataMedcontrol\plataMedcontrol\Sheet1.SchDoc with Condensator from Schlib1.SchLib
Replace Part C? Condensator in C:\Users\MusatovDA\plataMedcontrol\plataMedcontrol\Sheet1.SchDoc with Condensator from Schlib1.SchLib
Replace Part C? Condensator in C:\Users\MusatovDA\plataMedcontrol\plataMedcontrol\Sheet1.SchDoc with Condensator from Schlib1.SchLib
Replace Part C? Condensator in C:\Users\MusatovDA\plataMedcontrol\plataMedcontrol\Sheet1.SchDoc with Condensator from Schlib1.SchLib
Replace Part C? Condensator in C:\Users\MusatovDA\plataMedcontrol\plataMedcontrol\Sheet1.SchDoc with Condensator from Schlib1.SchLib
Replace Part C? Condensator in C:\Users\MusatovDA\plataMedcontrol\plataMedcontrol\Sheet1.SchDoc with Condensator from Schlib1.SchLib
Replace Part C? Condensator in C:\Users\MusatovDA\plataMedcontrol\plataMedcontrol\Sheet1.SchDoc with Condensator from Schlib1.SchLib
Replace Part C? Condensator in C:\Users\MusatovDA\plataMedcontrol\plataMedcontrol\Sheet1.SchDoc with Condensator from Schlib1.SchLib
Replace Part C? Condensator in C:\Users\MusatovDA\plataMedcontrol\plataMedcontrol\Sheet1.SchDoc with Condensator from Schlib1.SchLib
Replace Part C? Condensator in C:\Users\MusatovDA\plataMedcontrol\plataMedcontrol\Sheet1.SchDoc with Condensator from Schlib1.SchLib
Replace Part C? Condensator in C:\Users\MusatovDA\plataMedcontrol\plataMedcontrol\Sheet1.SchDoc with Condensator from Schlib1.SchLib
Replace Part C? Condensator in C:\Users\MusatovDA\plataMedcontrol\plataMedcontrol\Sheet1.SchDoc with Condensator from Schlib1.SchLib
Replace Part C? Condensator in C:\Users\MusatovDA\plataMedcontrol\plataMedcontrol\Sheet1.SchDoc with Condensator from Schlib1.SchLib
Replace Part C? Condensator in C:\Users\MusatovDA\plataMedcontrol\plataMedcontrol\Sheet1.SchDoc with Condensator from Schlib1.SchLib
Replace Part DD? Micro_Proc(nrf52832) in C:\Users\MusatovDA\plataMedcontrol\plataMedcontrol\Sheet1.SchDoc with Micro_Proc(nrf52832) from Schlib1.SchLib
Replace Part DD? Control_batery in C:\Users\MusatovDA\plataMedcontrol\plataMedcontrol\Sheet1.SchDoc with Control_batery from Schlib1.SchLib
Replace Part DD? Stability_power in C:\Users\MusatovDA\plataMedcontrol\plataMedcontrol\Sheet1.SchDoc with Stability_power from Schlib1.SchLib
Replace Part HL? Svetodiode in C:\Users\MusatovDA\plataMedcontrol\plataMedcontrol\Sheet1.SchDoc with Svetodiode from Schlib1.SchLib
Replace Part L? Induktivnost in C:\Users\MusatovDA\plataMedcontrol\plataMedcontrol\Sheet1.SchDoc with Induktivnost from Schlib1.SchLib
Replace Part R? Rezistor in C:\Users\MusatovDA\plataMedcontrol\plataMedcontrol\Sheet1.SchDoc with Rezistor from Schlib1.SchLib
Replace Part R? Rezistor in C:\Users\MusatovDA\plataMedcontrol\plataMedcontrol\Sheet1.SchDoc with Rezistor from Schlib1.SchLib
Replace Part R? Rezistor in C:\Users\MusatovDA\plataMedcontrol\plataMedcontrol\Sheet1.SchDoc with Rezistor from Schlib1.SchLib
Replace Part R? Rezistor in C:\Users\MusatovDA\plataMedcontrol\plataMedcontrol\Sheet1.SchDoc with Rezistor from Schlib1.SchLib
Replace Part R? Rezistor in C:\Users\MusatovDA\plataMedcontrol\plataMedcontrol\Sheet1.SchDoc with Rezistor from Schlib1.SchLib
Replace Part R? Rezistor in C:\Users\MusatovDA\plataMedcontrol\plataMedcontrol\Sheet1.SchDoc with Rezistor from Schlib1.SchLib
Replace Part R? Rezistor_peremen in C:\Users\MusatovDA\plataMedcontrol\plataMedcontrol\Sheet1.SchDoc with Rezistor_peremen from Schlib1.SchLib
Replace Part R? Rezistor in C:\Users\MusatovDA\plataMedcontrol\plataMedcontrol\Sheet1.SchDoc with Rezistor from Schlib1.SchLib
Replace Part R? Rezistor in C:\Users\MusatovDA\plataMedcontrol\plataMedcontrol\Sheet1.SchDoc with Rezistor from Schlib1.SchLib
Replace Part R? Rezistor in C:\Users\MusatovDA\plataMedcontrol\plataMedcontrol\Sheet1.SchDoc with Rezistor from Schlib1.SchLib
Replace Part R? Rezistor in C:\Users\MusatovDA\plataMedcontrol\plataMedcontrol\Sheet1.SchDoc with Rezistor from Schlib1.SchLib
Replace Part R? Rezistor in C:\Users\MusatovDA\plataMedcontrol\plataMedcontrol\Sheet1.SchDoc with Rezistor from Schlib1.SchLib
Replace Part SB? Button in C:\Users\MusatovDA\plataMedcontrol\plataMedcontrol\Sheet1.SchDoc with Button from Schlib1.SchLib
Replace Part U? Datchik_sveta in C:\Users\MusatovDA\plataMedcontrol\plataMedcontrol\Sheet1.SchDoc with Datchik_sveta from Schlib1.SchLib
Replace Part U? Datchik_vlaj_temp in C:\Users\MusatovDA\plataMedcontrol\plataMedcontrol\Sheet1.SchDoc with Datchik_vlaj_temp from Schlib1.SchLib
Replace Part VD? Diode in C:\Users\MusatovDA\plataMedcontrol\plataMedcontrol\Sheet1.SchDoc with Diode from Schlib1.SchLib
Replace Part VD? Stabilitron in C:\Users\MusatovDA\plataMedcontrol\plataMedcontrol\Sheet1.SchDoc with Stabilitron from Schlib1.SchLib
Replace Part VD? Diode in C:\Users\MusatovDA\plataMedcontrol\plataMedcontrol\Sheet1.SchDoc with Diode from Schlib1.SchLib
Replace Part VD? Diode in C:\Users\MusatovDA\plataMedcontrol\plataMedcontrol\Sheet1.SchDoc with Diode from Schlib1.SchLib
Replace Part VT? Polevoy_transistor_N_tip in C:\Users\MusatovDA\plataMedcontrol\plataMedcontrol\Sheet1.SchDoc with Polevoy_transistor_N_tip from Schlib1.SchLib
Replace Part VT? Polevoy_transistor_P_tip in C:\Users\MusatovDA\plataMedcontrol\plataMedcontrol\Sheet1.SchDoc with Polevoy_transistor_P_tip from Schlib1.SchLib
Replace Part X? Raziem_5V in C:\Users\MusatovDA\plataMedcontrol\plataMedcontrol\Sheet1.SchDoc with Raziem_5V from Schlib1.SchLib
Replace Part X? Raziem_3.7V in C:\Users\MusatovDA\plataMedcontrol\plataMedcontrol\Sheet1.SchDoc with Raziem_3.7V from Schlib1.SchLib
Replace Part ZQ? Kvarc_rezonator in C:\Users\MusatovDA\plataMedcontrol\plataMedcontrol\Sheet1.SchDoc with Kvarc_rezonator from Schlib1.SchLib
Replace Part ZQ? Kvarc_rezonator in C:\Users\MusatovDA\plataMedcontrol\plataMedcontrol\Sheet1.SchDoc with Kvarc_rezonator from Schlib1.SchLib
