Removed Parameter Name:L-57EGW from Part HL1
Change Component Parameter Comment in C1 Old= New==Value
Change Value of Parameter Value in Part C1 Old=4.7 לךװ New=
Change Component Parameter Comment in C2 Old= New==Value
Change Value of Parameter Value in Part C2 Old=0.33 לךװ New=
Change Component Parameter Comment in C3 Old= New==Value
Change Value of Parameter Value in Part C3 Old=4.7 לךװ New=
Change Component Parameter Comment in C4 Old= New==Value
Change Value of Parameter Value in Part C4 Old=0.1 לךװ New=
Change Component Parameter Comment in DD1 Old= New==Name
Change Value of Parameter Name in Part DD1 Old=L78L33ACUTR New=
Change Component Parameter Comment in DD2 Old= New==Name
Change Value of Parameter Name in Part DD2 Old=MCP73831T-2ATI/OT New=
Change Value of Parameter Color in Part HL1 Old=L-57EGW New=
Change Component Parameter Comment in HL1 Old= New==Color
Change Component Parameter Comment in R1 Old= New==Value
Change Value of Parameter Value in Part R1 Old=470 ־ל New=
Change Component Parameter Comment in R2 Old= New==Value
Change Value of Parameter Value in Part R2 Old=100 ך־ל New=
Change Component Parameter Comment in R3 Old= New==Value
Change Value of Parameter Value in Part R3 Old=100 ך־ל New=
Change Component Parameter Comment in R4 Old= New==Value
Change Value of Parameter Value in Part R4 Old=2 ך־ל New=
Change Component Parameter Comment in R5 Old= New==Value
Change Value of Parameter Value in Part R5 Old=1 ּ־ל New=
Change Component Parameter Comment in SB1 Old= New==Name
Change Value of Parameter Name in Part SB1 Old=L-KLS7-TS6606 New=
Change Component Parameter Comment in VD1 Old= New==Name
Change Value of Parameter Name in Part VD1 Old=10BQ100 New=
Change Component Parameter Comment in VD2 Old= New==Name
Change Value of Parameter Name in Part VD2 Old=10BQ100 New=
Change Component Parameter Comment in VD3 Old= New==Name
Change Value of Parameter Name in Part VD3 Old=10BQ100 New=
Change Component Parameter Comment in VD4 Old= New==Name
Change Value of Parameter Name in Part VD4 Old=MM3Z3V3B New=
Change Component Parameter Comment in VT1 Old= New==Name
Change Value of Parameter Name in Part VT1 Old=AO3401A New=
Change Component Parameter Comment in VT2 Old= New==Name
Change Value of Parameter Name in Part VT2 Old=AO3400A New=
Change Component Parameter Comment in X2 Old= New==Name
Change Value of Parameter Name in Part X2 Old=105450-0101 New=
