Replace Part C1 Condensator in C:\Users\MusatovDA\plataMedcontrol\plataMedcontrol\Sheet1.SchDoc with Condensator from Schlib1.SchLib
Replace Part C2 Condensator in C:\Users\MusatovDA\plataMedcontrol\plataMedcontrol\Sheet1.SchDoc with Condensator from Schlib1.SchLib
Replace Part C3 Condensator in C:\Users\MusatovDA\plataMedcontrol\plataMedcontrol\Sheet1.SchDoc with Condensator from Schlib1.SchLib
Replace Part C4 Condensator in C:\Users\MusatovDA\plataMedcontrol\plataMedcontrol\Sheet1.SchDoc with Condensator from Schlib1.SchLib
Replace Part DD1 Stability_power in C:\Users\MusatovDA\plataMedcontrol\plataMedcontrol\Sheet1.SchDoc with Stability_power from Schlib1.SchLib
Replace Part DD2 Control_batery in C:\Users\MusatovDA\plataMedcontrol\plataMedcontrol\Sheet1.SchDoc with Control_batery from Schlib1.SchLib
Replace Part HL1 Svetodiode in C:\Users\MusatovDA\plataMedcontrol\plataMedcontrol\Sheet1.SchDoc with Svetodiode from Schlib1.SchLib
Replace Part R1 Rezistor in C:\Users\MusatovDA\plataMedcontrol\plataMedcontrol\Sheet1.SchDoc with Rezistor from Schlib1.SchLib
Replace Part R2 Rezistor in C:\Users\MusatovDA\plataMedcontrol\plataMedcontrol\Sheet1.SchDoc with Rezistor from Schlib1.SchLib
Replace Part R3 Rezistor in C:\Users\MusatovDA\plataMedcontrol\plataMedcontrol\Sheet1.SchDoc with Rezistor from Schlib1.SchLib
Replace Part R4 Rezistor in C:\Users\MusatovDA\plataMedcontrol\plataMedcontrol\Sheet1.SchDoc with Rezistor from Schlib1.SchLib
Replace Part R5 Rezistor in C:\Users\MusatovDA\plataMedcontrol\plataMedcontrol\Sheet1.SchDoc with Rezistor from Schlib1.SchLib
Replace Part SB1 Button in C:\Users\MusatovDA\plataMedcontrol\plataMedcontrol\Sheet1.SchDoc with Button from Schlib1.SchLib
Replace Part VD1 Diode_SHOTKI in C:\Users\MusatovDA\plataMedcontrol\plataMedcontrol\Sheet1.SchDoc with Diode_SHOTKI from Schlib1.SchLib
Replace Part VD2 Diode_SHOTKI in C:\Users\MusatovDA\plataMedcontrol\plataMedcontrol\Sheet1.SchDoc with Diode_SHOTKI from Schlib1.SchLib
Replace Part VD3 Diode_SHOTKI in C:\Users\MusatovDA\plataMedcontrol\plataMedcontrol\Sheet1.SchDoc with Diode_SHOTKI from Schlib1.SchLib
Replace Part VD4 Stabilitron in C:\Users\MusatovDA\plataMedcontrol\plataMedcontrol\Sheet1.SchDoc with Stabilitron from Schlib1.SchLib
Replace Part VT1 Polevoy_transistor_P_tip in C:\Users\MusatovDA\plataMedcontrol\plataMedcontrol\Sheet1.SchDoc with Polevoy_transistor_P_tip from Schlib1.SchLib
Replace Part VT2 Polevoy_transistor_N_tip in C:\Users\MusatovDA\plataMedcontrol\plataMedcontrol\Sheet1.SchDoc with Polevoy_transistor_N_tip from Schlib1.SchLib
Replace Part X2 Raziem_USB-C in C:\Users\MusatovDA\plataMedcontrol\plataMedcontrol\Sheet1.SchDoc with Raziem_USB-C from Schlib1.SchLib
