Change Component Parameter Comment in C7 Old= New==Value
Change Value of Parameter Value in Part C7 Old=12 Ô‘ New=
Change Component Parameter Comment in C8 Old= New==Value
Change Value of Parameter Value in Part C8 Old=12 Ô‘ New=
Change Component Parameter Comment in C9 Old= New==Value
Change Value of Parameter Value in Part C9 Old=100 Ì‘ New=
Change Component Parameter Comment in C10 Old= New==Value
Change Value of Parameter Value in Part C10 Old=100 Ì‘ New=
Change Component Parameter Comment in C11 Old= New==Value
Change Value of Parameter Value in Part C11 Old=4.7 ÏÍ‘ New=
Change Component Parameter Comment in C12 Old= New==Value
Change Value of Parameter Value in Part C12 Old=1 ÏÍ‘ New=
Change Component Parameter Comment in C13 Old= New==Value
Change Value of Parameter Value in Part C13 Old=12 Ô‘ New=
Change Component Parameter Comment in C14 Old= New==Value
Change Value of Parameter Value in Part C14 Old=12 Ô‘ New=
Change Component Parameter Comment in C15 Old= New==Value
Change Value of Parameter Value in Part C15 Old=100 Ì‘ New=
Change Component Parameter Comment in C16 Old= New==Value
Change Value of Parameter Value in Part C16 Old=100 Ô‘ New=
Change Component Parameter Comment in C17 Old= New==Value
Change Value of Parameter Value in Part C17 Old=100 Ô‘ New=
Change Component Parameter Comment in C18 Old= New==Value
Change Value of Parameter Value in Part C18 Old=0.8 Ô‘ New=
Change Component Parameter Comment in DD3 Old= New==Name
Change Value of Parameter Name in Part DD3 Old=nRF52832-QFAA New=
Change Component Parameter Comment in L1 Old= New==Value
Change Value of Parameter Value in Part L1 Old=3.9 Ì√Ì New=
Change Component Parameter Comment in ZQ1 Old= New==Name
Change Value of Parameter Name in Part ZQ1 Old=32.768 Í√ˆ New=
Change Component Parameter Comment in ZQ2 Old= New==Name
Change Value of Parameter Name in Part ZQ2 Old=32 Ã√ˆ New=
