Replace Symbol from C10 Condensator in C:\Users\MusatovDA\plataMedcontrol\plataMedcontrol\Sheet3_mk.SchDoc with Condensator from Schlib1.SchLib
Replace Symbol from C11 Condensator in C:\Users\MusatovDA\plataMedcontrol\plataMedcontrol\Sheet3_mk.SchDoc with Condensator from Schlib1.SchLib
Replace Symbol from C12 Condensator in C:\Users\MusatovDA\plataMedcontrol\plataMedcontrol\Sheet3_mk.SchDoc with Condensator from Schlib1.SchLib
Replace Symbol from C13 Condensator in C:\Users\MusatovDA\plataMedcontrol\plataMedcontrol\Sheet3_mk.SchDoc with Condensator from Schlib1.SchLib
Replace Symbol from C14 Condensator in C:\Users\MusatovDA\plataMedcontrol\plataMedcontrol\Sheet3_mk.SchDoc with Condensator from Schlib1.SchLib
Replace Symbol from C15 Condensator in C:\Users\MusatovDA\plataMedcontrol\plataMedcontrol\Sheet3_mk.SchDoc with Condensator from Schlib1.SchLib
Replace Symbol from C16 Condensator in C:\Users\MusatovDA\plataMedcontrol\plataMedcontrol\Sheet3_mk.SchDoc with Condensator from Schlib1.SchLib
Replace Symbol from C17 Condensator in C:\Users\MusatovDA\plataMedcontrol\plataMedcontrol\Sheet3_mk.SchDoc with Condensator from Schlib1.SchLib
Replace Symbol from C18 Condensator in C:\Users\MusatovDA\plataMedcontrol\plataMedcontrol\Sheet3_mk.SchDoc with Condensator from Schlib1.SchLib
Replace Symbol from C19 Condensator in C:\Users\MusatovDA\plataMedcontrol\plataMedcontrol\Sheet3_mk.SchDoc with Condensator from Schlib1.SchLib
Replace Symbol from C20 Condensator in C:\Users\MusatovDA\plataMedcontrol\plataMedcontrol\Sheet3_mk.SchDoc with Condensator from Schlib1.SchLib
Replace Symbol from C21 Condensator in C:\Users\MusatovDA\plataMedcontrol\plataMedcontrol\Sheet3_mk.SchDoc with Condensator from Schlib1.SchLib
Replace Symbol from C22 Condensator in C:\Users\MusatovDA\plataMedcontrol\plataMedcontrol\Sheet3_mk.SchDoc with Condensator from Schlib1.SchLib
Replace Symbol from DD4 Micro_Proc(nrf52832) in C:\Users\MusatovDA\plataMedcontrol\plataMedcontrol\Sheet3_mk.SchDoc with Micro_Proc(nrf52832) from Schlib1.SchLib
Replace Symbol from HL2 Svetodiode in C:\Users\MusatovDA\plataMedcontrol\plataMedcontrol\Sheet3_mk.SchDoc with Svetodiode from Schlib1.SchLib
Replace Symbol from L1 Induktivnost in C:\Users\MusatovDA\plataMedcontrol\plataMedcontrol\Sheet3_mk.SchDoc with Induktivnost from Schlib1.SchLib
Replace Symbol from L2 Induktivnost in C:\Users\MusatovDA\plataMedcontrol\plataMedcontrol\Sheet3_mk.SchDoc with Induktivnost from Schlib1.SchLib
Replace Symbol from L3 Induktivnost in C:\Users\MusatovDA\plataMedcontrol\plataMedcontrol\Sheet3_mk.SchDoc with Induktivnost from Schlib1.SchLib
Replace Symbol from R12 Rezistor in C:\Users\MusatovDA\plataMedcontrol\plataMedcontrol\Sheet3_mk.SchDoc with Rezistor from Schlib1.SchLib
Replace Symbol from WA1 Antena in C:\Users\MusatovDA\plataMedcontrol\plataMedcontrol\Sheet3_mk.SchDoc with Antena from Schlib1.SchLib
Replace Symbol from X5 Raziem_6KONTKT in C:\Users\MusatovDA\plataMedcontrol\plataMedcontrol\Sheet3_mk.SchDoc with Raziem_6KONTKT from Schlib1.SchLib
Replace Symbol from X6 Raziem_4KONTKTA_1 in C:\Users\MusatovDA\plataMedcontrol\plataMedcontrol\Sheet3_mk.SchDoc with Raziem_4KONTKTA_1 from Schlib1.SchLib
Replace Symbol from X7 Raziem_4KONTKTA in C:\Users\MusatovDA\plataMedcontrol\plataMedcontrol\Sheet3_mk.SchDoc with Raziem_4KONTKTA from Schlib1.SchLib
Replace Symbol from ZQ1 Kvarc_rezonator in C:\Users\MusatovDA\plataMedcontrol\plataMedcontrol\Sheet3_mk.SchDoc with Kvarc_rezonator from Schlib1.SchLib
Replace Symbol from ZQ2 Kvarc_rezonator in C:\Users\MusatovDA\plataMedcontrol\plataMedcontrol\Sheet3_mk.SchDoc with Kvarc_rezonator from Schlib1.SchLib
