Change Value of Parameter Value in Part C1 Old=4.7 ÏÍ‘ New=
Change Value of Parameter Value in Part C2 Old=1 ÏÍ‘ New=
Change Value of Parameter Value in Part C3 Old=4.7 ÏÍ‘ New=
Change Value of Parameter Value in Part C4 Old=1 ÏÍ‘ New=
Change Value of Parameter Color in Part HL1 Old=L-57EGW New=
Change Value of Parameter Value in Part R1 Old=470 ŒÏ New=
Change Value of Parameter Value in Part R2 Old=100 ÍŒÏ New=
Change Value of Parameter Value in Part R3 Old=100 ÍŒÏ New=
Change Value of Parameter Value in Part R4 Old=2 ÍŒÏ New=
Change Value of Parameter Value in Part R5 Old=1 ÃŒÏ New=
Replace Symbol from C1 Condensator in C:\Users\MusatovDA\plataMedcontrol\plataMedcontrol\Sheet1.SchDoc with Condensator from Schlib1.SchLib
Replace Symbol from C2 Condensator in C:\Users\MusatovDA\plataMedcontrol\plataMedcontrol\Sheet1.SchDoc with Condensator from Schlib1.SchLib
Replace Symbol from C3 Condensator in C:\Users\MusatovDA\plataMedcontrol\plataMedcontrol\Sheet1.SchDoc with Condensator from Schlib1.SchLib
Replace Symbol from C4 Condensator in C:\Users\MusatovDA\plataMedcontrol\plataMedcontrol\Sheet1.SchDoc with Condensator from Schlib1.SchLib
Replace Symbol from DD1 Stability_power in C:\Users\MusatovDA\plataMedcontrol\plataMedcontrol\Sheet1.SchDoc with Stability_power from Schlib1.SchLib
Replace Symbol from DD2 Control_batery in C:\Users\MusatovDA\plataMedcontrol\plataMedcontrol\Sheet1.SchDoc with Control_batery from Schlib1.SchLib
Replace Symbol from HL1 Svetodiode in C:\Users\MusatovDA\plataMedcontrol\plataMedcontrol\Sheet1.SchDoc with Svetodiode from Schlib1.SchLib
Replace Symbol from R1 Rezistor in C:\Users\MusatovDA\plataMedcontrol\plataMedcontrol\Sheet1.SchDoc with Rezistor from Schlib1.SchLib
Replace Symbol from R2 Rezistor in C:\Users\MusatovDA\plataMedcontrol\plataMedcontrol\Sheet1.SchDoc with Rezistor from Schlib1.SchLib
Replace Symbol from R3 Rezistor in C:\Users\MusatovDA\plataMedcontrol\plataMedcontrol\Sheet1.SchDoc with Rezistor from Schlib1.SchLib
Replace Symbol from R4 Rezistor in C:\Users\MusatovDA\plataMedcontrol\plataMedcontrol\Sheet1.SchDoc with Rezistor from Schlib1.SchLib
Replace Symbol from R5 Rezistor in C:\Users\MusatovDA\plataMedcontrol\plataMedcontrol\Sheet1.SchDoc with Rezistor from Schlib1.SchLib
Replace Symbol from SB1 Button in C:\Users\MusatovDA\plataMedcontrol\plataMedcontrol\Sheet1.SchDoc with Button from Schlib1.SchLib
Replace Symbol from VD1 Diode_SHOTKI in C:\Users\MusatovDA\plataMedcontrol\plataMedcontrol\Sheet1.SchDoc with Diode_SHOTKI from Schlib1.SchLib
Replace Symbol from VD2 Diode_SHOTKI in C:\Users\MusatovDA\plataMedcontrol\plataMedcontrol\Sheet1.SchDoc with Diode_SHOTKI from Schlib1.SchLib
Replace Symbol from VD3 Diode_SHOTKI in C:\Users\MusatovDA\plataMedcontrol\plataMedcontrol\Sheet1.SchDoc with Diode_SHOTKI from Schlib1.SchLib
Replace Symbol from VD4 Stabilitron in C:\Users\MusatovDA\plataMedcontrol\plataMedcontrol\Sheet1.SchDoc with Stabilitron from Schlib1.SchLib
Replace Symbol from VT1 Polevoy_transistor_P_tip in C:\Users\MusatovDA\plataMedcontrol\plataMedcontrol\Sheet1.SchDoc with Polevoy_transistor_P_tip from Schlib1.SchLib
Replace Symbol from VT2 Polevoy_transistor_N_tip in C:\Users\MusatovDA\plataMedcontrol\plataMedcontrol\Sheet1.SchDoc with Polevoy_transistor_N_tip from Schlib1.SchLib
Replace Symbol from X1 Raziem_2KONTKTA in C:\Users\MusatovDA\plataMedcontrol\plataMedcontrol\Sheet1.SchDoc with Raziem_2KONTKTA from Schlib1.SchLib
Replace Symbol from X2 Raziem_USB-C in C:\Users\MusatovDA\plataMedcontrol\plataMedcontrol\Sheet1.SchDoc with Raziem_USB-C from Schlib1.SchLib
