Change Value of Parameter Value in Part C7 Old=12 Ô‘ New=
Change Value of Parameter Value in Part C8 Old=12 Ô‘ New=
Change Value of Parameter Value in Part C9 Old=100 Ì‘ New=
Change Value of Parameter Value in Part C10 Old=100 Ì‘ New=
Change Value of Parameter Value in Part C11 Old=4.7 ÏÍ‘ New=
Change Value of Parameter Value in Part C12 Old=1 ÏÍ‘ New=
Change Value of Parameter Value in Part C13 Old=12 Ô‘ New=
Change Value of Parameter Value in Part C14 Old=12 Ô‘ New=
Change Value of Parameter Value in Part C15 Old=100 Ì‘ New=
Change Value of Parameter Value in Part C16 Old=100 Ô‘ New=
Change Value of Parameter Value in Part C17 Old=100 Ô‘ New=
Change Value of Parameter Value in Part C18 Old=0.8 Ô‘ New=
Change Value of Parameter Value in Part L1 Old=3.9 Ì√Ì New=
Replace Symbol from C7 Condensator in C:\Users\MusatovDA\plataMedcontrol\plataMedcontrol\Sheet3_mk.SchDoc with Condensator from Schlib1.SchLib
Replace Symbol from C8 Condensator in C:\Users\MusatovDA\plataMedcontrol\plataMedcontrol\Sheet3_mk.SchDoc with Condensator from Schlib1.SchLib
Replace Symbol from C9 Condensator in C:\Users\MusatovDA\plataMedcontrol\plataMedcontrol\Sheet3_mk.SchDoc with Condensator from Schlib1.SchLib
Replace Symbol from C10 Condensator in C:\Users\MusatovDA\plataMedcontrol\plataMedcontrol\Sheet3_mk.SchDoc with Condensator from Schlib1.SchLib
Replace Symbol from C11 Condensator in C:\Users\MusatovDA\plataMedcontrol\plataMedcontrol\Sheet3_mk.SchDoc with Condensator from Schlib1.SchLib
Replace Symbol from C12 Condensator in C:\Users\MusatovDA\plataMedcontrol\plataMedcontrol\Sheet3_mk.SchDoc with Condensator from Schlib1.SchLib
Replace Symbol from C13 Condensator in C:\Users\MusatovDA\plataMedcontrol\plataMedcontrol\Sheet3_mk.SchDoc with Condensator from Schlib1.SchLib
Replace Symbol from C14 Condensator in C:\Users\MusatovDA\plataMedcontrol\plataMedcontrol\Sheet3_mk.SchDoc with Condensator from Schlib1.SchLib
Replace Symbol from C15 Condensator in C:\Users\MusatovDA\plataMedcontrol\plataMedcontrol\Sheet3_mk.SchDoc with Condensator from Schlib1.SchLib
Replace Symbol from C16 Condensator in C:\Users\MusatovDA\plataMedcontrol\plataMedcontrol\Sheet3_mk.SchDoc with Condensator from Schlib1.SchLib
Replace Symbol from C17 Condensator in C:\Users\MusatovDA\plataMedcontrol\plataMedcontrol\Sheet3_mk.SchDoc with Condensator from Schlib1.SchLib
Replace Symbol from C18 Condensator in C:\Users\MusatovDA\plataMedcontrol\plataMedcontrol\Sheet3_mk.SchDoc with Condensator from Schlib1.SchLib
Replace Symbol from DD3 Micro_Proc(nrf52832) in C:\Users\MusatovDA\plataMedcontrol\plataMedcontrol\Sheet3_mk.SchDoc with Micro_Proc(nrf52832) from Schlib1.SchLib
Replace Symbol from L1 Induktivnost in C:\Users\MusatovDA\plataMedcontrol\plataMedcontrol\Sheet3_mk.SchDoc with Induktivnost from Schlib1.SchLib
Replace Symbol from X5 Raziem_2KONTKTA_1 in C:\Users\MusatovDA\plataMedcontrol\plataMedcontrol\Sheet3_mk.SchDoc with Raziem_2KONTKTA_1 from Schlib1.SchLib
Replace Symbol from X6 Raziem_3KONTKTA in C:\Users\MusatovDA\plataMedcontrol\plataMedcontrol\Sheet3_mk.SchDoc with Raziem_3KONTKTA from Schlib1.SchLib
Replace Symbol from ZQ1 Kvarc_rezonator in C:\Users\MusatovDA\plataMedcontrol\plataMedcontrol\Sheet3_mk.SchDoc with Kvarc_rezonator from Schlib1.SchLib
Replace Symbol from ZQ2 Kvarc_rezonator in C:\Users\MusatovDA\plataMedcontrol\plataMedcontrol\Sheet3_mk.SchDoc with Kvarc_rezonator from Schlib1.SchLib
