Change Component Designator: Old Designator=C? New Designator=C1
Change Component Designator: Old Designator=C? New Designator=C2
Change Component Designator: Old Designator=C? New Designator=C3
Change Component Designator: Old Designator=C? New Designator=C4
Change Component Designator: Old Designator=DD? New Designator=DD1
Change Component Designator: Old Designator=DD? New Designator=DD2
Change Component Designator: Old Designator=HL? New Designator=HL1
Change Component Designator: Old Designator=R? New Designator=R1
Change Component Designator: Old Designator=R? New Designator=R2
Change Component Designator: Old Designator=R? New Designator=R3
Change Component Designator: Old Designator=R? New Designator=R4
Change Component Designator: Old Designator=R? New Designator=R5
Change Component Designator: Old Designator=SB? New Designator=SB1
Change Component Designator: Old Designator=VD? New Designator=VD1
Change Component Designator: Old Designator=VD? New Designator=VD2
Change Component Designator: Old Designator=VD? New Designator=VD3
Change Component Designator: Old Designator=VD? New Designator=VD4
Change Component Designator: Old Designator=VT? New Designator=VT1
Change Component Designator: Old Designator=VT? New Designator=VT2
Change Component Designator: Old Designator=X? New Designator=X1
Change Component Designator: Old Designator=X? New Designator=X2
