Change Component Designator: Old Designator=C7 New Designator=C10
Change Component Designator: Old Designator=C8 New Designator=C11
Change Component Designator: Old Designator=C9 New Designator=C13
Change Component Designator: Old Designator=C10 New Designator=C14
Change Component Designator: Old Designator=C11 New Designator=C15
Change Component Designator: Old Designator=C12 New Designator=C20
Change Component Designator: Old Designator=C13 New Designator=C16
Change Component Designator: Old Designator=C14 New Designator=C17
Change Component Designator: Old Designator=C15 New Designator=C22
Change Component Designator: Old Designator=C16 New Designator=C18
Change Component Designator: Old Designator=C17 New Designator=C19
Change Component Designator: Old Designator=C18 New Designator=C21
Change Component Designator: Old Designator=C? New Designator=C12
Change Component Designator: Old Designator=DD3 New Designator=DD4
Change Component Designator: Old Designator=L1 New Designator=L3
Change Component Designator: Old Designator=L2 New Designator=L1
Change Component Designator: Old Designator=L3 New Designator=L2
Change Component Designator: Old Designator=X5 New Designator=X6
Change Component Designator: Old Designator=X6 New Designator=X7
Change Component Designator: Old Designator=X? New Designator=X5
